<?xml version="1.0" encoding="UTF-8"?>
<!-- Generated by org.testng.reporters.JUnitReportReporter -->
<testsuite hostname="DESKTOP-3O5LJFC" failures="0" tests="1" name="com.inetbanking.testCases.TC_LoginTest_001" time="0.620" errors="0" timestamp="2021-09-15T17:17:26 PDT" skipped="0">
  <testcase classname="com.inetbanking.testCases.TC_LoginTest_001" name="loginTest" time="0.620"/>
  <system-out/>
</testsuite> <!-- com.inetbanking.testCases.TC_LoginTest_001 -->
